<?xml version="1.0" encoding="UTF-8"?>
<!-- Generated by org.testng.reporters.JUnitReportReporter -->
<testsuite hostname="LT091699" failures="0" tests="3" name="ZigWheelsTest.ZigTest" time="89.547" errors="0" timestamp="2023-06-08T14:23:02 IST" skipped="0">
  <testcase classname="ZigWheelsTest.ZigTest" name="upcomingBikes" time="53.574"/>
  <system-out/>
  <testcase classname="ZigWheelsTest.ZigTest" name="usedCars" time="24.351"/>
  <system-out/>
  <testcase classname="ZigWheelsTest.ZigTest" name="googleSignInMessage" time="11.622"/>
  <system-out/>
</testsuite> <!-- ZigWheelsTest.ZigTest -->
