<?xml version="1.0" encoding="UTF-8"?>
<!-- Generated by org.testng.reporters.JUnitReportReporter -->
<testsuite hostname="LT091699" failures="0" tests="3" name="Test.ZigWheelUsedCars" time="56.615" errors="0" timestamp="2023-06-13T10:30:48 IST" skipped="0">
  <testcase classname="Test.ZigWheelUsedCars" name="printCarName" time="0.075"/>
  <system-out/>
  <testcase classname="Test.ZigWheelUsedCars" name="setLocation" time="26.484"/>
  <system-out/>
  <testcase classname="Test.ZigWheelUsedCars" name="OpenWebsite" time="30.056"/>
  <system-out/>
</testsuite> <!-- Test.ZigWheelUsedCars -->
