<?xml version="1.0" encoding="UTF-8"?>
<!-- Generated by org.testng.reporters.JUnitReportReporter -->
<testsuite hostname="LT091699" failures="0" tests="4" name="Test.ZigWheelsUpcomingBikes" time="81.847" errors="0" timestamp="2023-06-13T10:30:48 IST" skipped="0">
  <testcase classname="Test.ZigWheelsUpcomingBikes" name="OpenWebsite" time="29.686"/>
  <system-out/>
  <testcase classname="Test.ZigWheelsUpcomingBikes" name="clickHonda" time="23.045"/>
  <system-out/>
  <testcase classname="Test.ZigWheelsUpcomingBikes" name="displayBikeDetails" time="5.312"/>
  <system-out/>
  <testcase classname="Test.ZigWheelsUpcomingBikes" name="SelectBikes" time="23.804"/>
  <system-out/>
</testsuite> <!-- Test.ZigWheelsUpcomingBikes -->
