<?xml version="1.0" encoding="UTF-8"?>
<!-- Generated by org.testng.reporters.JUnitReportReporter -->
<testsuite hostname="LT091699" failures="0" tests="5" name="Test.ZigWheelsGoogleSignIn" time="41.282" errors="0" timestamp="2023-06-13T13:07:57 IST" skipped="0">
  <testcase classname="Test.ZigWheelsGoogleSignIn" name="insertingCredentials" time="5.408"/>
  <system-out/>
  <testcase classname="Test.ZigWheelsGoogleSignIn" name="clicksignIn" time="0.258"/>
  <system-out/>
  <testcase classname="Test.ZigWheelsGoogleSignIn" name="clickGoogleSignIn" time="0.921"/>
  <system-out/>
  <testcase classname="Test.ZigWheelsGoogleSignIn" name="openWebsite" time="34.667"/>
  <system-out/>
  <testcase classname="Test.ZigWheelsGoogleSignIn" name="handleBrowser" time="0.028"/>
  <system-out/>
</testsuite> <!-- Test.ZigWheelsGoogleSignIn -->
