<?xml version="1.0" encoding="UTF-8"?>
<!-- Generated by org.testng.reporters.JUnitReportReporter -->
<testsuite hostname="LT091699" failures="0" tests="5" name="Test.ZigWheelsGoogleSignIn" time="59.589" errors="0" timestamp="2023-06-08T18:16:22 IST" skipped="0">
  <testcase classname="Test.ZigWheelsGoogleSignIn" name="handleBrowser" time="0.033"/>
  <system-out/>
  <testcase classname="Test.ZigWheelsGoogleSignIn" name="insertingCredentials" time="7.495"/>
  <system-out/>
  <testcase classname="Test.ZigWheelsGoogleSignIn" name="clicksignIn" time="0.419"/>
  <system-out/>
  <testcase classname="Test.ZigWheelsGoogleSignIn" name="openWebsite" time="50.749"/>
  <system-out/>
  <testcase classname="Test.ZigWheelsGoogleSignIn" name="clickGoogleSignIn" time="0.893"/>
  <system-out/>
</testsuite> <!-- Test.ZigWheelsGoogleSignIn -->
