<?xml version="1.0" encoding="UTF-8"?>
<!-- Generated by org.testng.reporters.JUnitReportReporter -->
<testsuite hostname="LT091699" failures="0" tests="5" name="Test.ZigWheelsGoogleSignIn" time="36.905" errors="0" timestamp="2023-06-13T10:30:48 IST" skipped="0">
  <testcase classname="Test.ZigWheelsGoogleSignIn" name="insertingCredentials" time="4.459"/>
  <system-out/>
  <testcase classname="Test.ZigWheelsGoogleSignIn" name="openWebsite" time="31.451"/>
  <system-out/>
  <testcase classname="Test.ZigWheelsGoogleSignIn" name="handleBrowser" time="0.033"/>
  <system-out/>
  <testcase classname="Test.ZigWheelsGoogleSignIn" name="clickGoogleSignIn" time="0.787"/>
  <system-out/>
  <testcase classname="Test.ZigWheelsGoogleSignIn" name="clicksignIn" time="0.175"/>
  <system-out/>
</testsuite> <!-- Test.ZigWheelsGoogleSignIn -->
