<?xml version="1.0" encoding="UTF-8"?>
<!-- Generated by org.testng.reporters.JUnitReportReporter -->
<testsuite hostname="LT091699" failures="0" tests="3" name="Test.ZigWheelUsedCars" time="36.877" errors="0" timestamp="2023-06-13T13:07:56 IST" skipped="0">
  <testcase classname="Test.ZigWheelUsedCars" name="setLocation" time="30.933"/>
  <system-out/>
  <testcase classname="Test.ZigWheelUsedCars" name="OpenWebsite" time="5.872"/>
  <system-out/>
  <testcase classname="Test.ZigWheelUsedCars" name="printCarName" time="0.072"/>
  <system-out/>
</testsuite> <!-- Test.ZigWheelUsedCars -->
