<?xml version="1.0" encoding="UTF-8"?>
<!-- Generated by org.testng.reporters.JUnitReportReporter -->
<testsuite hostname="LT091699" failures="0" tests="5" name="test.ZigWheelsGoogleSignIn" time="34.981" errors="0" timestamp="2023-06-21T18:04:09 IST" skipped="0">
  <testcase classname="test.ZigWheelsGoogleSignIn" name="openWebsite" time="31.507"/>
  <system-out/>
  <testcase classname="test.ZigWheelsGoogleSignIn" name="clicksignIn" time="0.169"/>
  <system-out/>
  <testcase classname="test.ZigWheelsGoogleSignIn" name="clickGoogleSignIn" time="1.006"/>
  <system-out/>
  <testcase classname="test.ZigWheelsGoogleSignIn" name="handleBrowser" time="0.096"/>
  <system-out/>
  <testcase classname="test.ZigWheelsGoogleSignIn" name="insertingCredentials" time="2.203"/>
  <system-out/>
</testsuite> <!-- test.ZigWheelsGoogleSignIn -->
