<?xml version="1.0" encoding="UTF-8"?>
<!-- Generated by org.testng.reporters.JUnitReportReporter -->
<testsuite hostname="LT091699" failures="0" tests="3" name="test.ZigWheelUsedCars" time="57.017" errors="0" timestamp="2023-06-21T18:04:08 IST" skipped="0">
  <testcase classname="test.ZigWheelUsedCars" name="OpenWebsite" time="31.303"/>
  <system-out/>
  <testcase classname="test.ZigWheelUsedCars" name="setLocation" time="25.624"/>
  <system-out/>
  <testcase classname="test.ZigWheelUsedCars" name="printCarName" time="0.090"/>
  <system-out/>
</testsuite> <!-- test.ZigWheelUsedCars -->
