<?xml version="1.0" encoding="UTF-8"?>
<!-- Generated by org.testng.reporters.JUnitReportReporter -->
<testsuite hostname="LT091699" failures="0" tests="3" name="ZigWheelsTest.ZigTest" time="89.313" errors="0" timestamp="2023-06-08T15:48:41 IST" skipped="0">
  <testcase classname="ZigWheelsTest.ZigTest" name="upcomingBikes" time="55.896"/>
  <system-out/>
  <testcase classname="ZigWheelsTest.ZigTest" name="usedCars" time="21.172"/>
  <system-out/>
  <testcase classname="ZigWheelsTest.ZigTest" name="googleSignInMessage" time="12.245"/>
  <system-out/>
</testsuite> <!-- ZigWheelsTest.ZigTest -->
