<?xml version="1.0" encoding="UTF-8"?>
<!-- Generated by org.testng.reporters.JUnitReportReporter -->
<testsuite hostname="LT091699" failures="0" tests="4" name="Test.ZigWheelsUpcomingBikes" time="86.827" errors="0" timestamp="2023-06-08T18:16:22 IST" skipped="0">
  <testcase classname="Test.ZigWheelsUpcomingBikes" name="SelectBikes" time="24.876"/>
  <system-out/>
  <testcase classname="Test.ZigWheelsUpcomingBikes" name="displayBikeDetails" time="0.087"/>
  <system-out/>
  <testcase classname="Test.ZigWheelsUpcomingBikes" name="clickHonda" time="23.297"/>
  <system-out/>
  <testcase classname="Test.ZigWheelsUpcomingBikes" name="OpenWebsite" time="38.567"/>
  <system-out/>
</testsuite> <!-- Test.ZigWheelsUpcomingBikes -->
