<?xml version="1.0" encoding="UTF-8"?>
<!-- Generated by org.testng.reporters.JUnitReportReporter -->
<testsuite hostname="LT091699" failures="0" tests="4" name="test.ZigWheelsUpcomingBikes" time="79.233" errors="0" timestamp="2023-06-21T18:04:09 IST" skipped="0">
  <testcase classname="test.ZigWheelsUpcomingBikes" name="OpenWebsite" time="48.080"/>
  <system-out/>
  <testcase classname="test.ZigWheelsUpcomingBikes" name="SelectBikes" time="24.247"/>
  <system-out/>
  <testcase classname="test.ZigWheelsUpcomingBikes" name="clickHonda" time="1.530"/>
  <system-out/>
  <testcase classname="test.ZigWheelsUpcomingBikes" name="displayBikeDetails" time="5.376"/>
  <system-out/>
</testsuite> <!-- test.ZigWheelsUpcomingBikes -->
