<?xml version="1.0" encoding="UTF-8"?>
<!-- Generated by org.testng.reporters.JUnitReportReporter -->
<testsuite hostname="LT091699" failures="0" tests="4" name="test.ZigWheelsUpcomingBikes" time="82.869" errors="0" timestamp="2023-06-15T15:46:03 IST" skipped="0">
  <testcase classname="test.ZigWheelsUpcomingBikes" name="OpenWebsite" time="29.902"/>
  <system-out/>
  <testcase classname="test.ZigWheelsUpcomingBikes" name="SelectBikes" time="23.925"/>
  <system-out/>
  <testcase classname="test.ZigWheelsUpcomingBikes" name="clickHonda" time="23.840"/>
  <system-out/>
  <testcase classname="test.ZigWheelsUpcomingBikes" name="displayBikeDetails" time="5.202"/>
  <system-out/>
</testsuite> <!-- test.ZigWheelsUpcomingBikes -->
