<?xml version="1.0" encoding="UTF-8"?>
<!-- Generated by org.testng.reporters.JUnitReportReporter -->
<testsuite hostname="LT091699" failures="0" tests="3" name="test.ZigWheelUsedCars" time="58.358" errors="0" timestamp="2023-06-15T15:46:03 IST" skipped="0">
  <testcase classname="test.ZigWheelUsedCars" name="OpenWebsite" time="32.160"/>
  <system-out/>
  <testcase classname="test.ZigWheelUsedCars" name="setLocation" time="26.111"/>
  <system-out/>
  <testcase classname="test.ZigWheelUsedCars" name="printCarName" time="0.087"/>
  <system-out/>
</testsuite> <!-- test.ZigWheelUsedCars -->
