<?xml version="1.0" encoding="UTF-8"?>
<!-- Generated by org.testng.reporters.JUnitReportReporter -->
<testsuite hostname="LT091699" failures="0" tests="5" name="test.ZigWheelsGoogleSignIn" time="37.521" errors="0" timestamp="2023-06-15T15:46:03 IST" skipped="0">
  <testcase classname="test.ZigWheelsGoogleSignIn" name="openWebsite" time="31.329"/>
  <system-out/>
  <testcase classname="test.ZigWheelsGoogleSignIn" name="clicksignIn" time="0.169"/>
  <system-out/>
  <testcase classname="test.ZigWheelsGoogleSignIn" name="clickGoogleSignIn" time="0.628"/>
  <system-out/>
  <testcase classname="test.ZigWheelsGoogleSignIn" name="handleBrowser" time="0.031"/>
  <system-out/>
  <testcase classname="test.ZigWheelsGoogleSignIn" name="insertingCredentials" time="5.364"/>
  <system-out/>
</testsuite> <!-- test.ZigWheelsGoogleSignIn -->
