<?xml version="1.0" encoding="UTF-8"?>
<!-- Generated by org.testng.reporters.JUnitReportReporter -->
<testsuite hostname="LT091699" failures="0" tests="4" name="Test.ZigWheelsUpcomingBikes" time="115.119" errors="0" timestamp="2023-06-13T13:07:57 IST" skipped="0">
  <testcase classname="Test.ZigWheelsUpcomingBikes" name="SelectBikes" time="30.488"/>
  <system-out/>
  <testcase classname="Test.ZigWheelsUpcomingBikes" name="clickHonda" time="23.538"/>
  <system-out/>
  <testcase classname="Test.ZigWheelsUpcomingBikes" name="displayBikeDetails" time="5.169"/>
  <system-out/>
  <testcase classname="Test.ZigWheelsUpcomingBikes" name="OpenWebsite" time="55.924"/>
  <system-out/>
</testsuite> <!-- Test.ZigWheelsUpcomingBikes -->
